<?xml version="1.0" encoding="UTF-8"?>
<!-- Generated by org.testng.reporters.JUnitReportReporter -->
<testsuite hostname="ADMIN" failures="0" tests="1" name="test.OrderTest" time="8.814" errors="0" timestamp="2023-10-26T16:27:57 ICT" skipped="0">
  <testcase classname="test.OrderTest" name="orderWithpageObjectModel" time="8.814"/>
</testsuite> <!-- test.OrderTest -->
