<?xml version="1.0" encoding="UTF-8"?>
<!-- Generated by org.testng.reporters.JUnitReportReporter -->
<testsuite hostname="ADMIN" failures="0" tests="1" name="test.FormPageTest" time="21.616" errors="0" timestamp="2023-10-31T19:28:34 ICT" skipped="0">
  <testcase classname="test.FormPageTest" name="testFormPage" time="21.616"/>
</testsuite> <!-- test.FormPageTest -->
