<?xml version="1.0" encoding="UTF-8"?>
<!-- Generated by org.testng.reporters.JUnitReportReporter -->
<testsuite hostname="ADMIN" failures="0" tests="1" name="test.ElementPageTest" time="18.415" errors="0" timestamp="2023-10-31T19:26:45 ICT" skipped="0">
  <testcase classname="test.ElementPageTest" name="testWithpageObjectModel" time="18.415"/>
</testsuite> <!-- test.ElementPageTest -->
